This is pdfTeX, Version 3.141592653-2.6-1.40.25 (MiKTeX 24.1) (preloaded format=pdflatex 2025.10.14)  22 JAN 2026 22:38
entering extended mode
 restricted \write18 enabled.
 %&-line parsing enabled.
**./ver22.01.tex
(ver22.01.tex
LaTeX2e <2023-11-01> patch level 1
L3 programming layer <2024-01-04>
(D:\Tom\Programy\TeX\tex/latex/base\article.cls
Document Class: article 2023/05/17 v1.4n Standard LaTeX document class
(D:\Tom\Programy\TeX\tex/latex/base\size12.clo
File: size12.clo 2023/05/17 v1.4n Standard LaTeX file (size option)
)
\c@part=\count187
\c@section=\count188
\c@subsection=\count189
\c@subsubsection=\count190
\c@paragraph=\count191
\c@subparagraph=\count192
\c@figure=\count193
\c@table=\count194
\abovecaptionskip=\skip48
\belowcaptionskip=\skip49
\bibindent=\dimen140
)
(D:\Tom\Programy\TeX\tex/latex/base\inputenc.sty
Package: inputenc 2021/02/14 v1.3d Input encoding file
\inpenc@prehook=\toks17
\inpenc@posthook=\toks18
)
(D:\Tom\Programy\TeX\tex/generic/babel\babel.sty
Package: babel 2024/01/07 v24.1 The Babel package
\babel@savecnt=\count195
\U@D=\dimen141
\l@unhyphenated=\language79

(D:\Tom\Programy\TeX\tex/generic/babel\txtbabel.def)
\bbl@readstream=\read2
\bbl@dirlevel=\count196

*************************************
* Local config file bblopts.cfg used
*
(D:\Tom\Programy\TeX\tex/latex/arabi\bblopts.cfg
File: bblopts.cfg 2005/09/08 v0.1 add Arabic and Farsi to "declared" options of
 babel
)
(D:\Tom\Programy\TeX\tex/latex/babel-czech\czech.ldf
Language: czech 2008/07/06 v3.1a Czech support from the babel system
Package babel Info: Making " an active character on input line 172.
\cs@wordlen=\count197
Package babel Info: Making - an active character on input line 226.
))
(D:\Tom\Programy\TeX\tex/generic/babel/locale/cs\babel-czech.tex
Package babel Info: Importing font and identification data for czech
(babel)             from babel-cs.ini. Reported on input line 11.
)
(D:\Tom\Programy\TeX\tex/latex/geometry\geometry.sty
Package: geometry 2020/01/02 v5.9 Page Geometry

(D:\Tom\Programy\TeX\tex/latex/graphics\keyval.sty
Package: keyval 2022/05/29 v1.15 key=value parser (DPC)
\KV@toks@=\toks19
)
(D:\Tom\Programy\TeX\tex/generic/iftex\ifvtex.sty
Package: ifvtex 2019/10/25 v1.7 ifvtex legacy package. Use iftex instead.

(D:\Tom\Programy\TeX\tex/generic/iftex\iftex.sty
Package: iftex 2022/02/03 v1.0f TeX engine tests
))
\Gm@cnth=\count198
\Gm@cntv=\count199
\c@Gm@tempcnt=\count266
\Gm@bindingoffset=\dimen142
\Gm@wd@mp=\dimen143
\Gm@odd@mp=\dimen144
\Gm@even@mp=\dimen145
\Gm@layoutwidth=\dimen146
\Gm@layoutheight=\dimen147
\Gm@layouthoffset=\dimen148
\Gm@layoutvoffset=\dimen149
\Gm@dimlist=\toks20

(D:\Tom\Programy\TeX\tex/latex/geometry\geometry.cfg))
(D:\Tom\Programy\TeX\tex/latex/hyphenat\hyphenat.sty
Package: hyphenat 2009/09/02 v2.3c hyphenation utilities


Package hyphenat Warning: *******************************
(hyphenat)                * You have used the htt option.
(hyphenat)                * You are likely to get many Font Warning messages.
(hyphenat)                * These can usually be ignored.
(hyphenat)                *******************************.

\langwohyphens=\language80
LaTeX Info: Redefining \_ on input line 43.
) (D:\Tom\Programy\TeX\tex/latex/l3backend\l3backend-pdftex.def
File: l3backend-pdftex.def 2024-01-04 L3 backend support: PDF output (pdfTeX)
\l__color_backend_stack_int=\count267
\l__pdf_internal_box=\box51
)
No file ver22.01.aux.
\openout1 = `ver22.01.aux'.

LaTeX Font Info:    Checking defaults for OML/cmm/m/it on input line 13.
LaTeX Font Info:    ... okay on input line 13.
LaTeX Font Info:    Checking defaults for OMS/cmsy/m/n on input line 13.
LaTeX Font Info:    ... okay on input line 13.
LaTeX Font Info:    Checking defaults for OT1/cmr/m/n on input line 13.
LaTeX Font Info:    ... okay on input line 13.
LaTeX Font Info:    Checking defaults for T1/cmr/m/n on input line 13.
LaTeX Font Info:    ... okay on input line 13.
LaTeX Font Info:    Checking defaults for TS1/cmr/m/n on input line 13.
LaTeX Font Info:    ... okay on input line 13.
LaTeX Font Info:    Checking defaults for OMX/cmex/m/n on input line 13.
LaTeX Font Info:    ... okay on input line 13.
LaTeX Font Info:    Checking defaults for U/cmr/m/n on input line 13.
LaTeX Font Info:    ... okay on input line 13.
*geometry* driver: auto-detecting
*geometry* detected driver: pdftex
*geometry* verbose mode - [ preamble ] result:
* driver: pdftex
* paper: a4paper
* layout: <same size as paper>
* layoutoffset:(h,v)=(0.0pt,0.0pt)
* modes: 
* h-part:(L,W,R)=(85.35826pt, 426.79135pt, 85.35826pt)
* v-part:(T,H,B)=(113.81102pt, 645.87756pt, 85.35826pt)
* \paperwidth=597.50787pt
* \paperheight=845.04684pt
* \textwidth=426.79135pt
* \textheight=645.87756pt
* \oddsidemargin=13.08827pt
* \evensidemargin=13.08827pt
* \topmargin=4.54103pt
* \headheight=12.0pt
* \headsep=25.0pt
* \topskip=12.0pt
* \footskip=30.0pt
* \marginparwidth=35.0pt
* \marginparsep=10.0pt
* \columnsep=10.0pt
* \skip\footins=10.8pt plus 4.0pt minus 2.0pt
* \hoffset=0.0pt
* \voffset=0.0pt
* \mag=1000
* \@twocolumnfalse
* \@twosidefalse
* \@mparswitchfalse
* \@reversemarginfalse
* (1in=72.27pt=25.4mm, 1cm=28.453pt)


LaTeX Font Warning: Font shape `OT1/cmtt/m/scsl' undefined
(Font)              using `OT1/cmtt/m/sc' instead on input line 13.


LaTeX Font Warning: Font shape `OT1/cmtt/b/n' undefined
(Font)              using `OT1/cmtt/m/n' instead on input line 13.


LaTeX Font Warning: Font shape `OT1/cmtt/b/it' undefined
(Font)              using `OT1/cmtt/b/n' instead on input line 13.


LaTeX Font Warning: Font shape `OT1/cmtt/b/sl' undefined
(Font)              using `OT1/cmtt/b/it' instead on input line 13.


LaTeX Font Warning: Font shape `OT1/cmtt/b/scit' undefined
(Font)              using `OT1/cmtt/b/sc' instead on input line 13.


LaTeX Font Warning: Font shape `OT1/cmtt/b/sc' undefined
(Font)              using `OT1/cmtt/b/n' instead on input line 13.

LaTeX Font Info:    Font shape `OT1/cmtt/bx/n' in size <12> not available
(Font)              Font shape `OT1/cmtt/m/n' tried instead on input line 13.
LaTeX Font Info:    Font shape `OT1/cmtt/bx/it' in size <12> not available
(Font)              Font shape `OT1/cmtt/m/it' tried instead on input line 13.
LaTeX Font Info:    Font shape `OT1/cmtt/bx/sl' in size <12> not available
(Font)              Font shape `OT1/cmtt/m/n' tried instead on input line 13.

LaTeX Font Warning: Font shape `OT1/cmtt/bx/scsl' undefined
(Font)              using `OT1/cmtt/bx/sc' instead on input line 13.


LaTeX Font Warning: Font shape `OT1/cmtt/bx/sc' undefined
(Font)              using `OT1/cmtt/bx/n' instead on input line 13.


LaTeX Font Warning: Font shape `OT1/cmtt/sbx/sc' undefined
(Font)              using `OT1/cmtt/sb/sc' instead on input line 13.


LaTeX Font Warning: Font shape `OT1/cmtt/sb/n' undefined
(Font)              using `OT1/cmtt/m/n' instead on input line 13.


LaTeX Font Warning: Font shape `OT1/cmtt/sb/it' undefined
(Font)              using `OT1/cmtt/sb/n' instead on input line 13.


LaTeX Font Warning: Font shape `OT1/cmtt/sb/sl' undefined
(Font)              using `OT1/cmtt/sb/it' instead on input line 13.


LaTeX Font Warning: Font shape `OT1/cmtt/sb/scit' undefined
(Font)              using `OT1/cmtt/sb/sc' instead on input line 13.


LaTeX Font Warning: Font shape `OT1/cmtt/sb/sc' undefined
(Font)              using `OT1/cmtt/sb/n' instead on input line 13.


LaTeX Font Warning: Font shape `OT1/cmtt/sbc/sc' undefined
(Font)              using `OT1/cmtt/c/sc' instead on input line 13.


LaTeX Font Warning: Font shape `OT1/cmtt/c/n' undefined
(Font)              using `OT1/cmtt/m/n' instead on input line 13.


LaTeX Font Warning: Font shape `OT1/cmtt/c/it' undefined
(Font)              using `OT1/cmtt/c/n' instead on input line 13.


LaTeX Font Warning: Font shape `OT1/cmtt/c/sl' undefined
(Font)              using `OT1/cmtt/c/it' instead on input line 13.


LaTeX Font Warning: Font shape `OT1/cmtt/c/scit' undefined
(Font)              using `OT1/cmtt/c/sc' instead on input line 13.


LaTeX Font Warning: Font shape `OT1/cmtt/c/sc' undefined
(Font)              using `OT1/cmtt/c/n' instead on input line 13.


LaTeX Fon